<?xml version="1.0" encoding="UTF-8"?>
<testsuite xmlns:xsi="http://www.w3.org/2001/XMLSchema-instance" xsi:noNamespaceSchemaLocation="https://maven.apache.org/surefire/maven-surefire-plugin/xsd/surefire-test-report-3.0.xsd" version="3.0" name="com.gisiona.serviceuploadarquivos3.ServiceUploadArquivoS3ApplicationTests" time="5.885" tests="1" errors="0" skipped="0" failures="0">
  <properties>
[...]
</properties>
  <testcase name="contextLoads" classname="com.gisiona.serviceuploadarquivos3.ServiceUploadArquivoS3ApplicationTests" time="1.593">
    <system-out><![CDATA[Standard Commons Logging discovery in action with spring-jcl: please remove commons-logging.jar from classpath in order to avoid potential conflicts
20:28:07.095 [main] INFO org.springframework.test.context.support.AnnotationConfigContextLoaderUtils -- Could not detect default configuration classes for test class [com.gisiona.serviceuploadarquivos3.ServiceUploadArquivoS3ApplicationTests]: ServiceUploadArquivoS3ApplicationTests does not declare any static, non-private, non-final, nested classes annotated with @Configuration.
20:28:07.255 [main] INFO org.springframework.boot.test.context.SpringBootTestContextBootstrapper -- Found @SpringBootConfiguration com.gisiona.serviceuploadarquivos3.ServiceUploadArquivoS3Application for test class com.gisiona.serviceuploadarquivos3.ServiceUploadArquivoS3ApplicationTests

  .   ____          _            __ _ _
 /\\ / ___'_ __ _ _(_)_ __  __ _ \ \ \ \
( ( )\___ | '_ | '_| | '_ \/ _` | \ \ \ \
 \\/  ___)| |_)| | | | | || (_| |  ) ) ) )
  '  |____| .__|_| |_|_| |_\__, | / / / /
 =========|_|==============|___/=/_/_/_/
 :: Spring Boot ::                (v3.1.2)

2023-08-06T20:28:08.079-03:00  INFO 13624 --- [           main] s.ServiceUploadArquivoS3ApplicationTests : Starting ServiceUploadArquivoS3ApplicationTests using Java 19 with PID 13624 (started by gil-r in D:\workarea\github\service-upload-arquivo-s3)
2023-08-06T20:28:08.080-03:00  INFO 13624 --- [           main] s.ServiceUploadArquivoS3ApplicationTests : No active profile set, falling back to 1 default profile: "default"
2023-08-06T20:28:09.173-03:00  INFO 13624 --- [           main] o.s.cloud.context.scope.GenericScope     : BeanFactory id=31a0254d-80dd-34e5-be32-0a1f9c10b8e4
2023-08-06T20:28:11.022-03:00  INFO 13624 --- [           main] s.ServiceUploadArquivoS3ApplicationTests : Started ServiceUploadArquivoS3ApplicationTests in 3.572 seconds (process running for 5.584)
]]></system-out>
  </testcase>
</testsuite>